2023-09-27T09:50:03.223+03:00  INFO 9104 --- [SpringApplicationShutdownHook] j.LocalContainerEntityManagerFactoryBean : Closing JPA EntityManagerFactory for persistence unit 'default'
2023-09-27T09:50:03.236+03:00  INFO 9104 --- [SpringApplicationShutdownHook] com.zaxxer.hikari.HikariDataSource       : HikariPool-1 - Shutdown initiated...
2023-09-27T09:50:03.250+03:00  INFO 9104 --- [SpringApplicationShutdownHook] com.zaxxer.hikari.HikariDataSource       : HikariPool-1 - Shutdown completed.
2023-09-27T09:50:20.344+03:00  INFO 976 --- [main] com.example.deneme.DenemeApplication     : Starting DenemeApplication using Java 17.0.6 with PID 976 (C:\Users\UgurKADIOGLU\Desktop\demo\deneme\target\classes started by UgurKADIOGLU in C:\Users\UgurKADIOGLU\Desktop\demo\deneme)
2023-09-27T09:50:20.365+03:00  INFO 976 --- [main] com.example.deneme.DenemeApplication     : No active profile set, falling back to 1 default profile: "default"
2023-09-27T09:50:22.238+03:00  INFO 976 --- [main] .s.d.r.c.RepositoryConfigurationDelegate : Bootstrapping Spring Data JPA repositories in DEFAULT mode.
2023-09-27T09:50:22.403+03:00  INFO 976 --- [main] .s.d.r.c.RepositoryConfigurationDelegate : Finished Spring Data repository scanning in 125 ms. Found 1 JPA repository interfaces.
2023-09-27T09:50:24.292+03:00  INFO 976 --- [main] o.s.b.w.embedded.tomcat.TomcatWebServer  : Tomcat initialized with port(s): 8081 (http)
2023-09-27T09:50:24.324+03:00  INFO 976 --- [main] o.apache.catalina.core.StandardService   : Starting service [Tomcat]
2023-09-27T09:50:24.325+03:00  INFO 976 --- [main] o.apache.catalina.core.StandardEngine    : Starting Servlet engine: [Apache Tomcat/10.1.13]
2023-09-27T09:50:24.582+03:00  INFO 976 --- [main] o.a.c.c.C.[Tomcat].[localhost].[/]       : Initializing Spring embedded WebApplicationContext
2023-09-27T09:50:24.583+03:00  INFO 976 --- [main] w.s.c.ServletWebServerApplicationContext : Root WebApplicationContext: initialization completed in 4087 ms
2023-09-27T09:50:24.881+03:00  INFO 976 --- [main] o.hibernate.jpa.internal.util.LogHelper  : HHH000204: Processing PersistenceUnitInfo [name: default]
2023-09-27T09:50:25.036+03:00  INFO 976 --- [main] org.hibernate.Version                    : HHH000412: Hibernate ORM core version 6.2.9.Final
2023-09-27T09:50:25.041+03:00  INFO 976 --- [main] org.hibernate.cfg.Environment            : HHH000406: Using bytecode reflection optimizer
2023-09-27T09:50:25.371+03:00  INFO 976 --- [main] o.h.b.i.BytecodeProviderInitiator        : HHH000021: Bytecode provider name : bytebuddy
2023-09-27T09:50:25.864+03:00  INFO 976 --- [main] o.s.o.j.p.SpringPersistenceUnitInfo      : No LoadTimeWeaver setup: ignoring JPA class transformer
2023-09-27T09:50:26.296+03:00  INFO 976 --- [main] com.zaxxer.hikari.HikariDataSource       : HikariPool-1 - Starting...
2023-09-27T09:50:27.453+03:00  INFO 976 --- [main] com.zaxxer.hikari.pool.HikariPool        : HikariPool-1 - Added connection org.postgresql.jdbc.PgConnection@36211bbc
2023-09-27T09:50:27.459+03:00  INFO 976 --- [main] com.zaxxer.hikari.HikariDataSource       : HikariPool-1 - Start completed.
2023-09-27T09:50:28.745+03:00  INFO 976 --- [main] o.h.b.i.BytecodeProviderInitiator        : HHH000021: Bytecode provider name : bytebuddy
2023-09-27T09:50:31.766+03:00  INFO 976 --- [main] o.h.e.t.j.p.i.JtaPlatformInitiator       : HHH000490: Using JtaPlatform implementation: [org.hibernate.engine.transaction.jta.platform.internal.NoJtaPlatform]
2023-09-27T09:50:31.873+03:00  INFO 976 --- [main] j.LocalContainerEntityManagerFactoryBean : Initialized JPA EntityManagerFactory for persistence unit 'default'
2023-09-27T09:50:32.822+03:00  WARN 976 --- [main] JpaBaseConfiguration$JpaWebConfiguration : spring.jpa.open-in-view is enabled by default. Therefore, database queries may be performed during view rendering. Explicitly configure spring.jpa.open-in-view to disable this warning
2023-09-27T09:50:34.592+03:00  INFO 976 --- [main] o.s.b.w.embedded.tomcat.TomcatWebServer  : Tomcat started on port(s): 8081 (http) with context path ''
2023-09-27T09:50:34.615+03:00  INFO 976 --- [main] com.example.deneme.DenemeApplication     : Started DenemeApplication in 17.476 seconds (process running for 19.935)
2023-09-27T09:50:40.767+03:00  INFO 976 --- [http-nio-8081-exec-1] o.a.c.c.C.[Tomcat].[localhost].[/]       : Initializing Spring DispatcherServlet 'dispatcherServlet'
2023-09-27T09:50:40.767+03:00  INFO 976 --- [http-nio-8081-exec-1] o.s.web.servlet.DispatcherServlet        : Initializing Servlet 'dispatcherServlet'
2023-09-27T09:50:40.769+03:00  INFO 976 --- [http-nio-8081-exec-1] o.s.web.servlet.DispatcherServlet        : Completed initialization in 2 ms
2023-09-27T09:50:42.211+03:00  INFO 976 --- [http-nio-8081-exec-9] o.springdoc.api.AbstractOpenApiResource  : Init duration for springdoc-openapi is: 453 ms
